// 重构日志: 83656eb3
// 重构日志: f5f08823
// 同步 ID: 163cc903 @ Fri May 22 10:50:49 UTC 2026
// 重构日志: 6c6dd70c
// 重构日志: b8268d2e
// 同步 ID: cb53e4bd @ Sun May 24 00:31:04 UTC 2026
// 重构日志: 2d9fb9de
// 同步 ID: 46c61085 @ Sun May 31 15:00:06 UTC 2026
// 重构日志: 49bcd356
// 重构日志: c64dd280
// 重构日志: 4fbf3627
// 同步 ID: 63b4e5dc @ Wed Jun 10 00:32:32 UTC 2026
// 重构日志: 2cd4de08
// 重构日志: 08620ed3
// 重构日志: 88234dc3
// 同步 ID: 6237fa7b @ Sat Jun 13 13:31:00 UTC 2026
// 同步 ID: ecdc35dc @ Sun Jun 14 03:21:13 UTC 2026
// 重构日志: 219cd44a
// 重构日志: 3fd75802
// 重构日志: e5b72c9d
// 重构日志: f2871c5f
// 重构日志: 9953a207
// 同步 ID: 4795db34 @ Wed Jun 17 03:37:15 UTC 2026
// 同步 ID: 09adcc23 @ Wed Jun 17 08:30:02 UTC 2026
// 同步 ID: 9d3bc05a @ Wed Jun 17 16:44:07 UTC 2026
